# Logfile created on 2017-11-02 15:13:07 -0400 by logger.rb/56815
D, [2017-11-02T15:13:07.486344 #13224] DEBUG -- : REQUESTING PAGE: GET / with {} and HTTP headers {}
D, [2017-11-02T15:13:59.533834 #10968] DEBUG -- : REQUESTING PAGE: GET / with {} and HTTP headers {}
D, [2017-11-02T15:14:34.772780 #7156] DEBUG -- : REQUESTING PAGE: GET / with {} and HTTP headers {}
D, [2017-11-02T15:19:02.063637 #3432] DEBUG -- : REQUESTING PAGE: GET / with {} and HTTP headers {}
D, [2017-11-02T15:19:02.145662 #3432] DEBUG -- : REQUESTING PAGE: GET / with {} and HTTP headers {}
D, [2017-11-02T15:19:14.609451 #5324] DEBUG -- : REQUESTING PAGE: GET / with {} and HTTP headers {}
D, [2017-11-02T15:19:14.700024 #5324] DEBUG -- : REQUESTING PAGE: GET / with {} and HTTP headers {}
D, [2017-11-02T15:19:43.261205 #9728] DEBUG -- : REQUESTING PAGE: GET / with {} and HTTP headers {}
D, [2017-11-02T15:19:43.606703 #9728] DEBUG -- : REQUESTING PAGE: GET / with {} and HTTP headers {}
D, [2017-11-02T15:20:07.141167 #4928] DEBUG -- : REQUESTING PAGE: GET / with {} and HTTP headers {}
D, [2017-11-02T15:20:07.242762 #4928] DEBUG -- : REQUESTING PAGE: GET / with {} and HTTP headers {}
D, [2017-11-02T15:21:02.010584 #2016] DEBUG -- : REQUESTING PAGE: GET / with {} and HTTP headers {}
D, [2017-11-02T15:21:02.085483 #2016] DEBUG -- : REQUESTING PAGE: GET / with {} and HTTP headers {}
D, [2017-11-02T15:21:02.085483 #2016] DEBUG -- : REQUESTING PAGE: POST / with {} and HTTP headers {"HTTP_REFERER"=>"/"}
D, [2017-11-02T15:21:02.158691 #2016] DEBUG -- : REQUESTING PAGE: GET /Juego with {} and HTTP headers {"HTTP_REFERER"=>"/"}
D, [2017-11-02T15:23:10.446278 #5656] DEBUG -- : REQUESTING PAGE: GET / with {} and HTTP headers {}
D, [2017-11-02T15:23:10.712584 #5656] DEBUG -- : REQUESTING PAGE: GET / with {} and HTTP headers {}
D, [2017-11-02T15:23:10.717622 #5656] DEBUG -- : REQUESTING PAGE: POST /juego with {} and HTTP headers {"HTTP_REFERER"=>"/"}
D, [2017-11-02T15:23:10.759984 #5656] DEBUG -- : REQUESTING PAGE: GET /Juego with {} and HTTP headers {"HTTP_REFERER"=>"/juego"}
D, [2017-11-02T15:23:39.806039 #664] DEBUG -- : REQUESTING PAGE: GET / with {} and HTTP headers {}
D, [2017-11-02T15:23:39.875346 #664] DEBUG -- : REQUESTING PAGE: GET / with {} and HTTP headers {}
D, [2017-11-02T15:23:39.893482 #664] DEBUG -- : REQUESTING PAGE: POST /juego with {} and HTTP headers {"HTTP_REFERER"=>"/"}
D, [2017-11-02T15:23:39.904488 #664] DEBUG -- : REQUESTING PAGE: GET /Juego with {} and HTTP headers {"HTTP_REFERER"=>"/juego"}
D, [2017-11-02T15:27:12.869900 #12688] DEBUG -- : REQUESTING PAGE: GET / with {} and HTTP headers {}
D, [2017-11-02T15:27:12.956499 #12688] DEBUG -- : REQUESTING PAGE: GET / with {} and HTTP headers {}
D, [2017-11-02T15:27:12.959593 #12688] DEBUG -- : REQUESTING PAGE: POST /juego with {} and HTTP headers {"HTTP_REFERER"=>"/"}
D, [2017-11-02T15:27:12.959593 #12688] DEBUG -- : REQUESTING PAGE: GET /Juego with {} and HTTP headers {"HTTP_REFERER"=>"/juego"}
D, [2017-11-02T15:27:36.138067 #12444] DEBUG -- : REQUESTING PAGE: GET / with {} and HTTP headers {}
D, [2017-11-02T15:27:36.220959 #12444] DEBUG -- : REQUESTING PAGE: GET / with {} and HTTP headers {}
D, [2017-11-02T15:27:36.225924 #12444] DEBUG -- : REQUESTING PAGE: POST /juego with {} and HTTP headers {"HTTP_REFERER"=>"/"}
D, [2017-11-02T15:27:36.233934 #12444] DEBUG -- : REQUESTING PAGE: GET /Juego with {} and HTTP headers {"HTTP_REFERER"=>"/juego"}
D, [2017-11-02T15:28:06.496076 #7156] DEBUG -- : REQUESTING PAGE: GET /Juego with {} and HTTP headers {}
D, [2017-11-02T15:28:06.554543 #7156] DEBUG -- : REQUESTING PAGE: GET / with {} and HTTP headers {}
D, [2017-11-02T15:28:06.594102 #7156] DEBUG -- : REQUESTING PAGE: GET / with {} and HTTP headers {}
D, [2017-11-02T15:28:06.598612 #7156] DEBUG -- : REQUESTING PAGE: POST /Juego with {} and HTTP headers {"HTTP_REFERER"=>"/"}
D, [2017-11-02T15:28:06.610618 #7156] DEBUG -- : REQUESTING PAGE: GET /Juego with {} and HTTP headers {"HTTP_REFERER"=>"/Juego"}
D, [2017-11-02T15:28:24.683736 #9380] DEBUG -- : REQUESTING PAGE: GET /Juego with {} and HTTP headers {}
D, [2017-11-02T15:28:24.796004 #9380] DEBUG -- : REQUESTING PAGE: GET / with {} and HTTP headers {}
D, [2017-11-02T15:28:24.824938 #9380] DEBUG -- : REQUESTING PAGE: GET / with {} and HTTP headers {}
D, [2017-11-02T15:28:24.830938 #9380] DEBUG -- : REQUESTING PAGE: POST /Juego with {} and HTTP headers {"HTTP_REFERER"=>"/"}
D, [2017-11-02T15:28:24.848952 #9380] DEBUG -- : REQUESTING PAGE: GET /Juego with {} and HTTP headers {"HTTP_REFERER"=>"/Juego"}
D, [2017-11-02T15:28:46.868467 #12056] DEBUG -- : REQUESTING PAGE: GET /Juego with {} and HTTP headers {}
D, [2017-11-02T15:28:46.981848 #12056] DEBUG -- : REQUESTING PAGE: GET / with {} and HTTP headers {}
D, [2017-11-02T15:28:46.991861 #12056] DEBUG -- : REQUESTING PAGE: GET / with {} and HTTP headers {}
D, [2017-11-02T15:28:46.997865 #12056] DEBUG -- : REQUESTING PAGE: POST /Juego with {} and HTTP headers {"HTTP_REFERER"=>"/"}
D, [2017-11-02T15:28:47.018877 #12056] DEBUG -- : REQUESTING PAGE: GET /Juego with {} and HTTP headers {"HTTP_REFERER"=>"/Juego"}
D, [2017-11-02T15:29:11.671427 #3408] DEBUG -- : REQUESTING PAGE: GET /Juego with {} and HTTP headers {}
D, [2017-11-02T15:29:11.753224 #3408] DEBUG -- : REQUESTING PAGE: GET / with {} and HTTP headers {}
D, [2017-11-02T15:29:11.754268 #3408] DEBUG -- : REQUESTING PAGE: GET / with {} and HTTP headers {}
D, [2017-11-02T15:29:11.754268 #3408] DEBUG -- : REQUESTING PAGE: POST /Juego with {} and HTTP headers {"HTTP_REFERER"=>"/"}
D, [2017-11-02T15:29:11.771590 #3408] DEBUG -- : REQUESTING PAGE: GET /Juego with {} and HTTP headers {"HTTP_REFERER"=>"/Juego"}
